0 info it worked if it ends with ok
1 verbose cli [ 'node', '/usr/local/bin/npm', 'install' ]
2 info using npm@2.0.0
3 info using node@v0.10.33
4 verbose node symlink /usr/local/bin/node
5 verbose readDependencies using package.json deps
6 verbose install where, deps [ '/Users/senzhang/Desktop/MyWorks/practise/angular-app',
6 verbose install   [ 'karma', 'protractor', 'http-server', 'bower', 'shelljs' ] ]
7 info preinstall angular-app@0.0.0
8 warn package.json karma-chrome-launcher@0.1.7 No README data
9 warn package.json karma-firefox-launcher@0.1.4 No README data
10 verbose readDependencies using package.json deps
11 verbose already installed skipping shelljs@^0.2.6 /Users/senzhang/Desktop/MyWorks/practise/angular-app
12 verbose already installed skipping karma@~0.10 /Users/senzhang/Desktop/MyWorks/practise/angular-app
13 verbose already installed skipping protractor@~0.20.1 /Users/senzhang/Desktop/MyWorks/practise/angular-app
14 verbose already installed skipping http-server@^0.6.1 /Users/senzhang/Desktop/MyWorks/practise/angular-app
15 verbose already installed skipping bower@^1.3.1 /Users/senzhang/Desktop/MyWorks/practise/angular-app
16 silly resolved []
17 info build /Users/senzhang/Desktop/MyWorks/practise/angular-app
18 verbose linkStuff [ false,
18 verbose linkStuff   false,
18 verbose linkStuff   false,
18 verbose linkStuff   '/Users/senzhang/Desktop/MyWorks/practise' ]
19 info linkStuff angular-app@0.0.0
20 verbose linkBins angular-app@0.0.0
21 verbose linkMans angular-app@0.0.0
22 verbose rebuildBundles angular-app@0.0.0
23 verbose rebuildBundles [ '.DS_Store',
23 verbose rebuildBundles   '.bin',
23 verbose rebuildBundles   'bower',
23 verbose rebuildBundles   'grunt',
23 verbose rebuildBundles   'http-server',
23 verbose rebuildBundles   'karma',
23 verbose rebuildBundles   'karma-chrome-launcher',
23 verbose rebuildBundles   'karma-coffee-preprocessor',
23 verbose rebuildBundles   'karma-firefox-launcher',
23 verbose rebuildBundles   'karma-html2js-preprocessor',
23 verbose rebuildBundles   'karma-jasmine',
23 verbose rebuildBundles   'karma-phantomjs-launcher',
23 verbose rebuildBundles   'karma-requirejs',
23 verbose rebuildBundles   'karma-script-launcher',
23 verbose rebuildBundles   'protractor',
23 verbose rebuildBundles   'requirejs',
23 verbose rebuildBundles   'shelljs' ]
24 verbose rebuild bundle /Users/senzhang/Desktop/MyWorks/practise/angular-app/node_modules/grunt
25 info build /Users/senzhang/Desktop/MyWorks/practise/angular-app/node_modules/grunt
26 info preinstall grunt@0.4.5
27 verbose linkStuff [ false,
27 verbose linkStuff   false,
27 verbose linkStuff   false,
27 verbose linkStuff   '/Users/senzhang/Desktop/MyWorks/practise/angular-app/node_modules' ]
28 info linkStuff grunt@0.4.5
29 verbose linkBins grunt@0.4.5
30 verbose linkMans grunt@0.4.5
31 verbose rebuildBundles grunt@0.4.5
32 verbose rebuildBundles [ '.bin',
32 verbose rebuildBundles   'async',
32 verbose rebuildBundles   'coffee-script',
32 verbose rebuildBundles   'colors',
32 verbose rebuildBundles   'dateformat',
32 verbose rebuildBundles   'eventemitter2',
32 verbose rebuildBundles   'exit',
32 verbose rebuildBundles   'findup-sync',
32 verbose rebuildBundles   'getobject',
32 verbose rebuildBundles   'glob',
32 verbose rebuildBundles   'grunt-legacy-log',
32 verbose rebuildBundles   'grunt-legacy-util',
32 verbose rebuildBundles   'hooker',
32 verbose rebuildBundles   'iconv-lite',
32 verbose rebuildBundles   'js-yaml',
32 verbose rebuildBundles   'lodash',
32 verbose rebuildBundles   'minimatch',
32 verbose rebuildBundles   'nopt',
32 verbose rebuildBundles   'rimraf',
32 verbose rebuildBundles   'underscore.string',
32 verbose rebuildBundles   'which' ]
33 info install grunt@0.4.5
34 info postinstall grunt@0.4.5
35 verbose rebuild bundle /Users/senzhang/Desktop/MyWorks/practise/angular-app/node_modules/karma-chrome-launcher
36 info build /Users/senzhang/Desktop/MyWorks/practise/angular-app/node_modules/karma-chrome-launcher
37 info preinstall karma-chrome-launcher@0.1.7
38 verbose linkStuff [ false,
38 verbose linkStuff   false,
38 verbose linkStuff   false,
38 verbose linkStuff   '/Users/senzhang/Desktop/MyWorks/practise/angular-app/node_modules' ]
39 info linkStuff karma-chrome-launcher@0.1.7
40 verbose linkBins karma-chrome-launcher@0.1.7
41 verbose linkMans karma-chrome-launcher@0.1.7
42 verbose rebuildBundles karma-chrome-launcher@0.1.7
43 info install karma-chrome-launcher@0.1.7
44 info postinstall karma-chrome-launcher@0.1.7
45 verbose rebuild bundle /Users/senzhang/Desktop/MyWorks/practise/angular-app/node_modules/karma-coffee-preprocessor
46 info build /Users/senzhang/Desktop/MyWorks/practise/angular-app/node_modules/karma-coffee-preprocessor
47 info preinstall karma-coffee-preprocessor@0.1.3
48 verbose linkStuff [ false,
48 verbose linkStuff   false,
48 verbose linkStuff   false,
48 verbose linkStuff   '/Users/senzhang/Desktop/MyWorks/practise/angular-app/node_modules' ]
49 info linkStuff karma-coffee-preprocessor@0.1.3
50 verbose linkBins karma-coffee-preprocessor@0.1.3
51 verbose linkMans karma-coffee-preprocessor@0.1.3
52 verbose rebuildBundles karma-coffee-preprocessor@0.1.3
53 verbose rebuildBundles [ '.bin', 'coffee-script' ]
54 info install karma-coffee-preprocessor@0.1.3
55 info postinstall karma-coffee-preprocessor@0.1.3
56 verbose rebuild bundle /Users/senzhang/Desktop/MyWorks/practise/angular-app/node_modules/karma-firefox-launcher
57 info build /Users/senzhang/Desktop/MyWorks/practise/angular-app/node_modules/karma-firefox-launcher
58 info preinstall karma-firefox-launcher@0.1.4
59 verbose linkStuff [ false,
59 verbose linkStuff   false,
59 verbose linkStuff   false,
59 verbose linkStuff   '/Users/senzhang/Desktop/MyWorks/practise/angular-app/node_modules' ]
60 info linkStuff karma-firefox-launcher@0.1.4
61 verbose linkBins karma-firefox-launcher@0.1.4
62 verbose linkMans karma-firefox-launcher@0.1.4
63 verbose rebuildBundles karma-firefox-launcher@0.1.4
64 info install karma-firefox-launcher@0.1.4
65 info postinstall karma-firefox-launcher@0.1.4
66 verbose rebuild bundle /Users/senzhang/Desktop/MyWorks/practise/angular-app/node_modules/karma-html2js-preprocessor
67 info build /Users/senzhang/Desktop/MyWorks/practise/angular-app/node_modules/karma-html2js-preprocessor
68 info preinstall karma-html2js-preprocessor@0.1.0
69 verbose linkStuff [ false,
69 verbose linkStuff   false,
69 verbose linkStuff   false,
69 verbose linkStuff   '/Users/senzhang/Desktop/MyWorks/practise/angular-app/node_modules' ]
70 info linkStuff karma-html2js-preprocessor@0.1.0
71 verbose linkBins karma-html2js-preprocessor@0.1.0
72 verbose linkMans karma-html2js-preprocessor@0.1.0
73 verbose rebuildBundles karma-html2js-preprocessor@0.1.0
74 info install karma-html2js-preprocessor@0.1.0
75 info postinstall karma-html2js-preprocessor@0.1.0
76 verbose rebuild bundle /Users/senzhang/Desktop/MyWorks/practise/angular-app/node_modules/karma-jasmine
77 info build /Users/senzhang/Desktop/MyWorks/practise/angular-app/node_modules/karma-jasmine
78 info preinstall karma-jasmine@0.1.5
79 verbose linkStuff [ false,
79 verbose linkStuff   false,
79 verbose linkStuff   false,
79 verbose linkStuff   '/Users/senzhang/Desktop/MyWorks/practise/angular-app/node_modules' ]
80 info linkStuff karma-jasmine@0.1.5
81 verbose linkBins karma-jasmine@0.1.5
82 verbose linkMans karma-jasmine@0.1.5
83 verbose rebuildBundles karma-jasmine@0.1.5
84 info install karma-jasmine@0.1.5
85 info postinstall karma-jasmine@0.1.5
86 verbose rebuild bundle /Users/senzhang/Desktop/MyWorks/practise/angular-app/node_modules/karma-phantomjs-launcher
87 info build /Users/senzhang/Desktop/MyWorks/practise/angular-app/node_modules/karma-phantomjs-launcher
88 info preinstall karma-phantomjs-launcher@0.1.4
89 verbose linkStuff [ false,
89 verbose linkStuff   false,
89 verbose linkStuff   false,
89 verbose linkStuff   '/Users/senzhang/Desktop/MyWorks/practise/angular-app/node_modules' ]
90 info linkStuff karma-phantomjs-launcher@0.1.4
91 verbose linkBins karma-phantomjs-launcher@0.1.4
92 verbose linkMans karma-phantomjs-launcher@0.1.4
93 verbose rebuildBundles karma-phantomjs-launcher@0.1.4
94 verbose rebuildBundles [ '.bin', 'phantomjs' ]
95 info install karma-phantomjs-launcher@0.1.4
96 info postinstall karma-phantomjs-launcher@0.1.4
97 verbose rebuild bundle /Users/senzhang/Desktop/MyWorks/practise/angular-app/node_modules/karma-requirejs
98 info build /Users/senzhang/Desktop/MyWorks/practise/angular-app/node_modules/karma-requirejs
99 info preinstall karma-requirejs@0.2.2
100 verbose linkStuff [ false,
100 verbose linkStuff   false,
100 verbose linkStuff   false,
100 verbose linkStuff   '/Users/senzhang/Desktop/MyWorks/practise/angular-app/node_modules' ]
101 info linkStuff karma-requirejs@0.2.2
102 verbose linkBins karma-requirejs@0.2.2
103 verbose linkMans karma-requirejs@0.2.2
104 verbose rebuildBundles karma-requirejs@0.2.2
105 info install karma-requirejs@0.2.2
106 info postinstall karma-requirejs@0.2.2
107 verbose rebuild bundle /Users/senzhang/Desktop/MyWorks/practise/angular-app/node_modules/karma-script-launcher
108 info build /Users/senzhang/Desktop/MyWorks/practise/angular-app/node_modules/karma-script-launcher
109 info preinstall karma-script-launcher@0.1.0
110 verbose linkStuff [ false,
110 verbose linkStuff   false,
110 verbose linkStuff   false,
110 verbose linkStuff   '/Users/senzhang/Desktop/MyWorks/practise/angular-app/node_modules' ]
111 info linkStuff karma-script-launcher@0.1.0
112 verbose linkBins karma-script-launcher@0.1.0
113 verbose linkMans karma-script-launcher@0.1.0
114 verbose rebuildBundles karma-script-launcher@0.1.0
115 info install karma-script-launcher@0.1.0
116 info postinstall karma-script-launcher@0.1.0
117 verbose rebuild bundle /Users/senzhang/Desktop/MyWorks/practise/angular-app/node_modules/requirejs
118 info build /Users/senzhang/Desktop/MyWorks/practise/angular-app/node_modules/requirejs
119 info preinstall requirejs@2.1.16
120 verbose linkStuff [ false,
120 verbose linkStuff   false,
120 verbose linkStuff   false,
120 verbose linkStuff   '/Users/senzhang/Desktop/MyWorks/practise/angular-app/node_modules' ]
121 info linkStuff requirejs@2.1.16
122 verbose linkBins requirejs@2.1.16
123 verbose link bins [ { 'r.js': './bin/r.js' },
123 verbose link bins   '/Users/senzhang/Desktop/MyWorks/practise/angular-app/node_modules/.bin',
123 verbose link bins   false ]
124 verbose linkMans requirejs@2.1.16
125 verbose rebuildBundles requirejs@2.1.16
126 verbose gentlyRm vacuuming /Users/senzhang/Desktop/MyWorks/practise/angular-app/node_modules/.bin/r.js
127 silly gentlyRm purging /Users/senzhang/Desktop/MyWorks/practise/angular-app/node_modules/.bin/r.js
128 silly gentlyRm quitting because other entries in /Users/senzhang/Desktop/MyWorks/practise/angular-app/node_modules/.bin
129 info install requirejs@2.1.16
130 info postinstall requirejs@2.1.16
131 info install angular-app@0.0.0
132 info postinstall angular-app@0.0.0
133 verbose unsafe-perm in lifecycle true
134 info angular-app@0.0.0 Failed to exec postinstall script
135 verbose stack Error: angular-app@0.0.0 postinstall: `bower install`
135 verbose stack Exit status 8
135 verbose stack     at ChildProcess.<anonymous> (/usr/local/lib/node_modules/npm/lib/utils/lifecycle.js:212:16)
135 verbose stack     at ChildProcess.emit (events.js:98:17)
135 verbose stack     at maybeClose (child_process.js:756:16)
135 verbose stack     at Process.ChildProcess._handle.onexit (child_process.js:823:5)
136 verbose pkgid angular-app@0.0.0
137 verbose cwd /Users/senzhang/Desktop/MyWorks/practise/angular-app
138 error Darwin 14.0.0
139 error argv "node" "/usr/local/bin/npm" "install"
140 error node v0.10.33
141 error npm  v2.0.0
142 error code ELIFECYCLE
143 error angular-app@0.0.0 postinstall: `bower install`
143 error Exit status 8
144 error Failed at the angular-app@0.0.0 postinstall script.
144 error This is most likely a problem with the angular-app package,
144 error not with npm itself.
144 error Tell the author that this fails on your system:
144 error     bower install
144 error You can get their info via:
144 error     npm owner ls angular-app
144 error There is likely additional logging output above.
145 verbose exit [ 1, true ]
